<?xml version="1.0" encoding="UTF-8"?>
<!-- Generated by org.testng.reporters.JUnitReportReporter -->
<testsuite hostname="DESKTOP-OERMRP5" failures="0" tests="1" name="com.banking.testCases.TC_LoginTest_001" time="0.858" errors="0" timestamp="2022-11-01T15:10:45 CET" skipped="0">
  <testcase classname="com.banking.testCases.TC_LoginTest_001" name="loginTest" time="0.858"/>
  <system-out/>
</testsuite> <!-- com.banking.testCases.TC_LoginTest_001 -->
